{
  message: TypeError: this.HttpBadRequest is not a function
      at invalidPathHandler (C:\Users\Umang Kansara\OneDrive\Documents\GV Work\logger-project\utils\errorHandler.js:16:16)
      at Layer.handle [as handle_request] (C:\Users\Umang Kansara\OneDrive\Documents\GV Work\logger-project\node_modules\express\lib\router\layer.js:95:5)
      at trim_prefix (C:\Users\Umang Kansara\OneDrive\Documents\GV Work\logger-project\node_modules\express\lib\router\index.js:328:13)
      at C:\Users\Umang Kansara\OneDrive\Documents\GV Work\logger-project\node_modules\express\lib\router\index.js:286:9
      at param (C:\Users\Umang Kansara\OneDrive\Documents\GV Work\logger-project\node_modules\express\lib\router\index.js:365:14)
      at param (C:\Users\Umang Kansara\OneDrive\Documents\GV Work\logger-project\node_modules\express\lib\router\index.js:376:14)
      at Function.process_params (C:\Users\Umang Kansara\OneDrive\Documents\GV Work\logger-project\node_modules\express\lib\router\index.js:421:3)
      at next (C:\Users\Umang Kansara\OneDrive\Documents\GV Work\logger-project\node_modules\express\lib\router\index.js:280:10)
      at C:\Users\Umang Kansara\OneDrive\Documents\GV Work\logger-project\node_modules\express\lib\router\index.js:646:15
      at next (C:\Users\Umang Kansara\OneDrive\Documents\GV Work\logger-project\node_modules\express\lib\router\index.js:265:14),
  level: 'error',
  label: 'error occured',
  timestamp: '2023-02-28T09:43:22.669Z'
}
{
  message: CastError: Cast to ObjectId failed for value "{ id: '63fdd50f6ca8813e2bdaac48' }" (type Object) at path "_id" for model "Project"
      at model.Query.exec (C:\Users\Umang Kansara\OneDrive\Documents\GV Work\logger-project\node_modules\mongoose\lib\query.js:4927:21)
      at model.Query.Query.then (C:\Users\Umang Kansara\OneDrive\Documents\GV Work\logger-project\node_modules\mongoose\lib\query.js:5026:15)
      at processTicksAndRejections (node:internal/process/task_queues:96:5) {
    messageFormat: undefined,
    stringValue: `"{ id: '63fdd50f6ca8813e2bdaac48' }"`,
    kind: 'ObjectId',
    value: { id: '63fdd50f6ca8813e2bdaac48' },
    path: '_id',
    reason: BSONTypeError: Argument passed in must be a string of 12 bytes or a string of 24 hex characters or an integer
        at new BSONTypeError (C:\Users\Umang Kansara\OneDrive\Documents\GV Work\logger-project\node_modules\mongoose\node_modules\bson\lib\error.js:41:28)
        at new ObjectId (C:\Users\Umang Kansara\OneDrive\Documents\GV Work\logger-project\node_modules\mongoose\node_modules\bson\lib\objectid.js:67:23)
        at castObjectId (C:\Users\Umang Kansara\OneDrive\Documents\GV Work\logger-project\node_modules\mongoose\lib\cast\objectid.js:25:12)
        at ObjectId.cast (C:\Users\Umang Kansara\OneDrive\Documents\GV Work\logger-project\node_modules\mongoose\lib\schema\objectid.js:246:12)
        at ObjectId.SchemaType.applySetters (C:\Users\Umang Kansara\OneDrive\Documents\GV Work\logger-project\node_modules\mongoose\lib\schematype.js:1201:12)
        at ObjectId.SchemaType._castForQuery (C:\Users\Umang Kansara\OneDrive\Documents\GV Work\logger-project\node_modules\mongoose\lib\schematype.js:1648:15)
        at ObjectId.SchemaType.castForQuery (C:\Users\Umang Kansara\OneDrive\Documents\GV Work\logger-project\node_modules\mongoose\lib\schematype.js:1636:15)
        at ObjectId.SchemaType.castForQueryWrapper (C:\Users\Umang Kansara\OneDrive\Documents\GV Work\logger-project\node_modules\mongoose\lib\schematype.js:1612:20)
        at cast (C:\Users\Umang Kansara\OneDrive\Documents\GV Work\logger-project\node_modules\mongoose\lib\cast.js:293:34)
        at model.Query.Query.cast (C:\Users\Umang Kansara\OneDrive\Documents\GV Work\logger-project\node_modules\mongoose\lib\query.js:5357:12),
    valueType: 'Object'
  },
  level: 'error',
  label: 'error occured',
  timestamp: '2023-02-28T10:22:26.640Z'
}
{
  message: CastError: Cast to ObjectId failed for value "{ id: '63fdd50f6ca8813e2bdaac48' }" (type Object) at path "_id" for model "Project"
      at model.Query.exec (C:\Users\Umang Kansara\OneDrive\Documents\GV Work\logger-project\node_modules\mongoose\lib\query.js:4927:21)
      at model.Query.Query.then (C:\Users\Umang Kansara\OneDrive\Documents\GV Work\logger-project\node_modules\mongoose\lib\query.js:5026:15)
      at processTicksAndRejections (node:internal/process/task_queues:96:5) {
    messageFormat: undefined,
    stringValue: `"{ id: '63fdd50f6ca8813e2bdaac48' }"`,
    kind: 'ObjectId',
    value: { id: '63fdd50f6ca8813e2bdaac48' },
    path: '_id',
    reason: BSONTypeError: Argument passed in must be a string of 12 bytes or a string of 24 hex characters or an integer
        at new BSONTypeError (C:\Users\Umang Kansara\OneDrive\Documents\GV Work\logger-project\node_modules\mongoose\node_modules\bson\lib\error.js:41:28)
        at new ObjectId (C:\Users\Umang Kansara\OneDrive\Documents\GV Work\logger-project\node_modules\mongoose\node_modules\bson\lib\objectid.js:67:23)
        at castObjectId (C:\Users\Umang Kansara\OneDrive\Documents\GV Work\logger-project\node_modules\mongoose\lib\cast\objectid.js:25:12)
        at ObjectId.cast (C:\Users\Umang Kansara\OneDrive\Documents\GV Work\logger-project\node_modules\mongoose\lib\schema\objectid.js:246:12)
        at ObjectId.SchemaType.applySetters (C:\Users\Umang Kansara\OneDrive\Documents\GV Work\logger-project\node_modules\mongoose\lib\schematype.js:1201:12)
        at ObjectId.SchemaType._castForQuery (C:\Users\Umang Kansara\OneDrive\Documents\GV Work\logger-project\node_modules\mongoose\lib\schematype.js:1648:15)
        at ObjectId.SchemaType.castForQuery (C:\Users\Umang Kansara\OneDrive\Documents\GV Work\logger-project\node_modules\mongoose\lib\schematype.js:1636:15)
        at ObjectId.SchemaType.castForQueryWrapper (C:\Users\Umang Kansara\OneDrive\Documents\GV Work\logger-project\node_modules\mongoose\lib\schematype.js:1612:20)
        at cast (C:\Users\Umang Kansara\OneDrive\Documents\GV Work\logger-project\node_modules\mongoose\lib\cast.js:293:34)
        at model.Query.Query.cast (C:\Users\Umang Kansara\OneDrive\Documents\GV Work\logger-project\node_modules\mongoose\lib\query.js:5357:12),
    valueType: 'Object'
  },
  level: 'error',
  label: 'error occured',
  timestamp: '2023-02-28T10:22:51.731Z'
}
{
  message: CastError: Cast to ObjectId failed for value "{ id: '63fdd50f6ca8813e2bdaac48' }" (type Object) at path "_id" for model "Project"
      at model.Query.exec (C:\Users\Umang Kansara\OneDrive\Documents\GV Work\logger-project\node_modules\mongoose\lib\query.js:4927:21)
      at model.Query.Query.then (C:\Users\Umang Kansara\OneDrive\Documents\GV Work\logger-project\node_modules\mongoose\lib\query.js:5026:15)
      at processTicksAndRejections (node:internal/process/task_queues:96:5) {
    messageFormat: undefined,
    stringValue: `"{ id: '63fdd50f6ca8813e2bdaac48' }"`,
    kind: 'ObjectId',
    value: { id: '63fdd50f6ca8813e2bdaac48' },
    path: '_id',
    reason: BSONTypeError: Argument passed in must be a string of 12 bytes or a string of 24 hex characters or an integer
        at new BSONTypeError (C:\Users\Umang Kansara\OneDrive\Documents\GV Work\logger-project\node_modules\mongoose\node_modules\bson\lib\error.js:41:28)
        at new ObjectId (C:\Users\Umang Kansara\OneDrive\Documents\GV Work\logger-project\node_modules\mongoose\node_modules\bson\lib\objectid.js:67:23)
        at castObjectId (C:\Users\Umang Kansara\OneDrive\Documents\GV Work\logger-project\node_modules\mongoose\lib\cast\objectid.js:25:12)
        at ObjectId.cast (C:\Users\Umang Kansara\OneDrive\Documents\GV Work\logger-project\node_modules\mongoose\lib\schema\objectid.js:246:12)
        at ObjectId.SchemaType.applySetters (C:\Users\Umang Kansara\OneDrive\Documents\GV Work\logger-project\node_modules\mongoose\lib\schematype.js:1201:12)
        at ObjectId.SchemaType._castForQuery (C:\Users\Umang Kansara\OneDrive\Documents\GV Work\logger-project\node_modules\mongoose\lib\schematype.js:1648:15)
        at ObjectId.SchemaType.castForQuery (C:\Users\Umang Kansara\OneDrive\Documents\GV Work\logger-project\node_modules\mongoose\lib\schematype.js:1636:15)
        at ObjectId.SchemaType.castForQueryWrapper (C:\Users\Umang Kansara\OneDrive\Documents\GV Work\logger-project\node_modules\mongoose\lib\schematype.js:1612:20)
        at cast (C:\Users\Umang Kansara\OneDrive\Documents\GV Work\logger-project\node_modules\mongoose\lib\cast.js:293:34)
        at model.Query.Query.cast (C:\Users\Umang Kansara\OneDrive\Documents\GV Work\logger-project\node_modules\mongoose\lib\query.js:5357:12),
    valueType: 'Object'
  },
  level: 'error',
  label: 'error occured',
  timestamp: '2023-02-28T10:23:13.460Z'
}
{
  message: CastError: Cast to ObjectId failed for value "{ id: '63fdd50f6ca8813e2bdaac48' }" (type Object) at path "_id" for model "Project"
      at model.Query.exec (C:\Users\Umang Kansara\OneDrive\Documents\GV Work\logger-project\node_modules\mongoose\lib\query.js:4927:21)
      at model.Query.Query.then (C:\Users\Umang Kansara\OneDrive\Documents\GV Work\logger-project\node_modules\mongoose\lib\query.js:5026:15)
      at processTicksAndRejections (node:internal/process/task_queues:96:5) {
    messageFormat: undefined,
    stringValue: `"{ id: '63fdd50f6ca8813e2bdaac48' }"`,
    kind: 'ObjectId',
    value: { id: '63fdd50f6ca8813e2bdaac48' },
    path: '_id',
    reason: BSONTypeError: Argument passed in must be a string of 12 bytes or a string of 24 hex characters or an integer
        at new BSONTypeError (C:\Users\Umang Kansara\OneDrive\Documents\GV Work\logger-project\node_modules\mongoose\node_modules\bson\lib\error.js:41:28)
        at new ObjectId (C:\Users\Umang Kansara\OneDrive\Documents\GV Work\logger-project\node_modules\mongoose\node_modules\bson\lib\objectid.js:67:23)
        at castObjectId (C:\Users\Umang Kansara\OneDrive\Documents\GV Work\logger-project\node_modules\mongoose\lib\cast\objectid.js:25:12)
        at ObjectId.cast (C:\Users\Umang Kansara\OneDrive\Documents\GV Work\logger-project\node_modules\mongoose\lib\schema\objectid.js:246:12)
        at ObjectId.SchemaType.applySetters (C:\Users\Umang Kansara\OneDrive\Documents\GV Work\logger-project\node_modules\mongoose\lib\schematype.js:1201:12)
        at ObjectId.SchemaType._castForQuery (C:\Users\Umang Kansara\OneDrive\Documents\GV Work\logger-project\node_modules\mongoose\lib\schematype.js:1648:15)
        at ObjectId.SchemaType.castForQuery (C:\Users\Umang Kansara\OneDrive\Documents\GV Work\logger-project\node_modules\mongoose\lib\schematype.js:1636:15)
        at ObjectId.SchemaType.castForQueryWrapper (C:\Users\Umang Kansara\OneDrive\Documents\GV Work\logger-project\node_modules\mongoose\lib\schematype.js:1612:20)
        at cast (C:\Users\Umang Kansara\OneDrive\Documents\GV Work\logger-project\node_modules\mongoose\lib\cast.js:293:34)
        at model.Query.Query.cast (C:\Users\Umang Kansara\OneDrive\Documents\GV Work\logger-project\node_modules\mongoose\lib\query.js:5357:12),
    valueType: 'Object'
  },
  level: 'error',
  label: 'error occured',
  timestamp: '2023-02-28T10:31:23.135Z'
}
{
  message: CastError: Cast to ObjectId failed for value "{
    projectName: 'project2',
    description: 'description2',
    textTag: 'JAVA'
  }" (type Object) at path "_id" for model "Project"
      at model.Query.exec (C:\Users\Umang Kansara\OneDrive\Documents\GV Work\logger-project\node_modules\mongoose\lib\query.js:4927:21)
      at model.Query.Query.then (C:\Users\Umang Kansara\OneDrive\Documents\GV Work\logger-project\node_modules\mongoose\lib\query.js:5026:15)
      at processTicksAndRejections (node:internal/process/task_queues:96:5) {
    messageFormat: undefined,
    stringValue: '"{\n' +
      "  projectName: 'project2',\n" +
      "  description: 'description2',\n" +
      "  textTag: 'JAVA'\n" +
      '}"',
    kind: 'ObjectId',
    value: {
      projectName: 'project2',
      description: 'description2',
      textTag: 'JAVA'
    },
    path: '_id',
    reason: BSONTypeError: Argument passed in must be a string of 12 bytes or a string of 24 hex characters or an integer
        at new BSONTypeError (C:\Users\Umang Kansara\OneDrive\Documents\GV Work\logger-project\node_modules\mongoose\node_modules\bson\lib\error.js:41:28)
        at new ObjectId (C:\Users\Umang Kansara\OneDrive\Documents\GV Work\logger-project\node_modules\mongoose\node_modules\bson\lib\objectid.js:67:23)
        at castObjectId (C:\Users\Umang Kansara\OneDrive\Documents\GV Work\logger-project\node_modules\mongoose\lib\cast\objectid.js:25:12)
        at ObjectId.cast (C:\Users\Umang Kansara\OneDrive\Documents\GV Work\logger-project\node_modules\mongoose\lib\schema\objectid.js:246:12)
        at ObjectId.SchemaType.applySetters (C:\Users\Umang Kansara\OneDrive\Documents\GV Work\logger-project\node_modules\mongoose\lib\schematype.js:1201:12)
        at ObjectId.SchemaType._castForQuery (C:\Users\Umang Kansara\OneDrive\Documents\GV Work\logger-project\node_modules\mongoose\lib\schematype.js:1648:15)
        at ObjectId.SchemaType.castForQuery (C:\Users\Umang Kansara\OneDrive\Documents\GV Work\logger-project\node_modules\mongoose\lib\schematype.js:1636:15)
        at ObjectId.SchemaType.castForQueryWrapper (C:\Users\Umang Kansara\OneDrive\Documents\GV Work\logger-project\node_modules\mongoose\lib\schematype.js:1612:20)
        at cast (C:\Users\Umang Kansara\OneDrive\Documents\GV Work\logger-project\node_modules\mongoose\lib\cast.js:293:34)
        at model.Query.Query.cast (C:\Users\Umang Kansara\OneDrive\Documents\GV Work\logger-project\node_modules\mongoose\lib\query.js:5357:12),
    valueType: 'Object'
  },
  level: 'error',
  label: 'error occured',
  timestamp: '2023-02-28T10:32:07.623Z'
}
{
  message: CastError: Cast to ObjectId failed for value "{
    projectName: 'project2',
    description: 'description2',
    textTag: 'JAVA'
  }" (type Object) at path "_id" for model "Project"
      at model.Query.exec (C:\Users\Umang Kansara\OneDrive\Documents\GV Work\logger-project\node_modules\mongoose\lib\query.js:4927:21)
      at model.Query.Query.then (C:\Users\Umang Kansara\OneDrive\Documents\GV Work\logger-project\node_modules\mongoose\lib\query.js:5026:15)
      at processTicksAndRejections (node:internal/process/task_queues:96:5) {
    messageFormat: undefined,
    stringValue: '"{\n' +
      "  projectName: 'project2',\n" +
      "  description: 'description2',\n" +
      "  textTag: 'JAVA'\n" +
      '}"',
    kind: 'ObjectId',
    value: {
      projectName: 'project2',
      description: 'description2',
      textTag: 'JAVA'
    },
    path: '_id',
    reason: BSONTypeError: Argument passed in must be a string of 12 bytes or a string of 24 hex characters or an integer
        at new BSONTypeError (C:\Users\Umang Kansara\OneDrive\Documents\GV Work\logger-project\node_modules\mongoose\node_modules\bson\lib\error.js:41:28)
        at new ObjectId (C:\Users\Umang Kansara\OneDrive\Documents\GV Work\logger-project\node_modules\mongoose\node_modules\bson\lib\objectid.js:67:23)
        at castObjectId (C:\Users\Umang Kansara\OneDrive\Documents\GV Work\logger-project\node_modules\mongoose\lib\cast\objectid.js:25:12)
        at ObjectId.cast (C:\Users\Umang Kansara\OneDrive\Documents\GV Work\logger-project\node_modules\mongoose\lib\schema\objectid.js:246:12)
        at ObjectId.SchemaType.applySetters (C:\Users\Umang Kansara\OneDrive\Documents\GV Work\logger-project\node_modules\mongoose\lib\schematype.js:1201:12)
        at ObjectId.SchemaType._castForQuery (C:\Users\Umang Kansara\OneDrive\Documents\GV Work\logger-project\node_modules\mongoose\lib\schematype.js:1648:15)
        at ObjectId.SchemaType.castForQuery (C:\Users\Umang Kansara\OneDrive\Documents\GV Work\logger-project\node_modules\mongoose\lib\schematype.js:1636:15)
        at ObjectId.SchemaType.castForQueryWrapper (C:\Users\Umang Kansara\OneDrive\Documents\GV Work\logger-project\node_modules\mongoose\lib\schematype.js:1612:20)
        at cast (C:\Users\Umang Kansara\OneDrive\Documents\GV Work\logger-project\node_modules\mongoose\lib\cast.js:293:34)
        at model.Query.Query.cast (C:\Users\Umang Kansara\OneDrive\Documents\GV Work\logger-project\node_modules\mongoose\lib\query.js:5357:12),
    valueType: 'Object'
  },
  level: 'error',
  label: 'error occured',
  timestamp: '2023-02-28T10:33:08.699Z'
}
{
  message: CastError: Cast to ObjectId failed for value "{
    projectName: 'project2',
    description: 'description2',
    textTag: 'JAVA'
  }" (type Object) at path "_id" for model "Project"
      at model.Query.exec (C:\Users\Umang Kansara\OneDrive\Documents\GV Work\logger-project\node_modules\mongoose\lib\query.js:4927:21)
      at model.Query.Query.then (C:\Users\Umang Kansara\OneDrive\Documents\GV Work\logger-project\node_modules\mongoose\lib\query.js:5026:15)
      at processTicksAndRejections (node:internal/process/task_queues:96:5) {
    messageFormat: undefined,
    stringValue: '"{\n' +
      "  projectName: 'project2',\n" +
      "  description: 'description2',\n" +
      "  textTag: 'JAVA'\n" +
      '}"',
    kind: 'ObjectId',
    value: {
      projectName: 'project2',
      description: 'description2',
      textTag: 'JAVA'
    },
    path: '_id',
    reason: BSONTypeError: Argument passed in must be a string of 12 bytes or a string of 24 hex characters or an integer
        at new BSONTypeError (C:\Users\Umang Kansara\OneDrive\Documents\GV Work\logger-project\node_modules\mongoose\node_modules\bson\lib\error.js:41:28)
        at new ObjectId (C:\Users\Umang Kansara\OneDrive\Documents\GV Work\logger-project\node_modules\mongoose\node_modules\bson\lib\objectid.js:67:23)
        at castObjectId (C:\Users\Umang Kansara\OneDrive\Documents\GV Work\logger-project\node_modules\mongoose\lib\cast\objectid.js:25:12)
        at ObjectId.cast (C:\Users\Umang Kansara\OneDrive\Documents\GV Work\logger-project\node_modules\mongoose\lib\schema\objectid.js:246:12)
        at ObjectId.SchemaType.applySetters (C:\Users\Umang Kansara\OneDrive\Documents\GV Work\logger-project\node_modules\mongoose\lib\schematype.js:1201:12)
        at ObjectId.SchemaType._castForQuery (C:\Users\Umang Kansara\OneDrive\Documents\GV Work\logger-project\node_modules\mongoose\lib\schematype.js:1648:15)
        at ObjectId.SchemaType.castForQuery (C:\Users\Umang Kansara\OneDrive\Documents\GV Work\logger-project\node_modules\mongoose\lib\schematype.js:1636:15)
        at ObjectId.SchemaType.castForQueryWrapper (C:\Users\Umang Kansara\OneDrive\Documents\GV Work\logger-project\node_modules\mongoose\lib\schematype.js:1612:20)
        at cast (C:\Users\Umang Kansara\OneDrive\Documents\GV Work\logger-project\node_modules\mongoose\lib\cast.js:293:34)
        at model.Query.Query.cast (C:\Users\Umang Kansara\OneDrive\Documents\GV Work\logger-project\node_modules\mongoose\lib\query.js:5357:12),
    valueType: 'Object'
  },
  level: 'error',
  label: 'error occured',
  timestamp: '2023-02-28T10:33:44.925Z'
}
{
  message: CastError: Cast to ObjectId failed for value "{ id: '63fdd50f6ca8813e2bdaac48' }" (type Object) at path "_id" for model "Project"
      at model.Query.exec (C:\Users\Umang Kansara\OneDrive\Documents\GV Work\logger-project\node_modules\mongoose\lib\query.js:4927:21)
      at model.Query.Query.then (C:\Users\Umang Kansara\OneDrive\Documents\GV Work\logger-project\node_modules\mongoose\lib\query.js:5026:15)
      at processTicksAndRejections (node:internal/process/task_queues:96:5) {
    messageFormat: undefined,
    stringValue: `"{ id: '63fdd50f6ca8813e2bdaac48' }"`,
    kind: 'ObjectId',
    value: { id: '63fdd50f6ca8813e2bdaac48' },
    path: '_id',
    reason: BSONTypeError: Argument passed in must be a string of 12 bytes or a string of 24 hex characters or an integer
        at new BSONTypeError (C:\Users\Umang Kansara\OneDrive\Documents\GV Work\logger-project\node_modules\mongoose\node_modules\bson\lib\error.js:41:28)
        at new ObjectId (C:\Users\Umang Kansara\OneDrive\Documents\GV Work\logger-project\node_modules\mongoose\node_modules\bson\lib\objectid.js:67:23)
        at castObjectId (C:\Users\Umang Kansara\OneDrive\Documents\GV Work\logger-project\node_modules\mongoose\lib\cast\objectid.js:25:12)
        at ObjectId.cast (C:\Users\Umang Kansara\OneDrive\Documents\GV Work\logger-project\node_modules\mongoose\lib\schema\objectid.js:246:12)
        at ObjectId.SchemaType.applySetters (C:\Users\Umang Kansara\OneDrive\Documents\GV Work\logger-project\node_modules\mongoose\lib\schematype.js:1201:12)
        at ObjectId.SchemaType._castForQuery (C:\Users\Umang Kansara\OneDrive\Documents\GV Work\logger-project\node_modules\mongoose\lib\schematype.js:1648:15)
        at ObjectId.SchemaType.castForQuery (C:\Users\Umang Kansara\OneDrive\Documents\GV Work\logger-project\node_modules\mongoose\lib\schematype.js:1636:15)
        at ObjectId.SchemaType.castForQueryWrapper (C:\Users\Umang Kansara\OneDrive\Documents\GV Work\logger-project\node_modules\mongoose\lib\schematype.js:1612:20)
        at cast (C:\Users\Umang Kansara\OneDrive\Documents\GV Work\logger-project\node_modules\mongoose\lib\cast.js:293:34)
        at model.Query.Query.cast (C:\Users\Umang Kansara\OneDrive\Documents\GV Work\logger-project\node_modules\mongoose\lib\query.js:5357:12),
    valueType: 'Object'
  },
  level: 'error',
  label: 'error occured',
  timestamp: '2023-02-28T10:34:40.547Z'
}
{
  message: TypeError: Project.destroy is not a function
      at deleteProjectService (C:\Users\Umang Kansara\OneDrive\Documents\GV Work\logger-project\services\projectService.js:45:34)
      at processTicksAndRejections (node:internal/process/task_queues:96:5)
      at async deleteProject (C:\Users\Umang Kansara\OneDrive\Documents\GV Work\logger-project\controllers\projectController.js:44:21),
  level: 'error',
  label: 'error occured',
  timestamp: '2023-02-28T10:38:07.938Z'
}
{
  message: TypeError: HttpUnauthorized is not a function
      at module.exports (C:\Users\Umang Kansara\OneDrive\Documents\GV Work\logger-project\middleware\authentication.js:20:33)
      at Layer.handle [as handle_request] (C:\Users\Umang Kansara\OneDrive\Documents\GV Work\logger-project\node_modules\express\lib\router\layer.js:95:5)
      at trim_prefix (C:\Users\Umang Kansara\OneDrive\Documents\GV Work\logger-project\node_modules\express\lib\router\index.js:328:13)
      at C:\Users\Umang Kansara\OneDrive\Documents\GV Work\logger-project\node_modules\express\lib\router\index.js:286:9
      at Function.process_params (C:\Users\Umang Kansara\OneDrive\Documents\GV Work\logger-project\node_modules\express\lib\router\index.js:346:12)
      at next (C:\Users\Umang Kansara\OneDrive\Documents\GV Work\logger-project\node_modules\express\lib\router\index.js:280:10)
      at Function.handle (C:\Users\Umang Kansara\OneDrive\Documents\GV Work\logger-project\node_modules\express\lib\router\index.js:175:3)
      at router (C:\Users\Umang Kansara\OneDrive\Documents\GV Work\logger-project\node_modules\express\lib\router\index.js:47:12)
      at Layer.handle [as handle_request] (C:\Users\Umang Kansara\OneDrive\Documents\GV Work\logger-project\node_modules\express\lib\router\layer.js:95:5)
      at trim_prefix (C:\Users\Umang Kansara\OneDrive\Documents\GV Work\logger-project\node_modules\express\lib\router\index.js:328:13),
  level: 'error',
  label: 'error occured',
  timestamp: '2023-02-28T10:48:03.123Z'
}
{
  message: TypeError: this.HttpBadRequest is not a function
      at invalidPathHandler (C:\Users\Umang Kansara\OneDrive\Documents\GV Work\logger-project\utils\errorHandler.js:16:16)
      at Layer.handle [as handle_request] (C:\Users\Umang Kansara\OneDrive\Documents\GV Work\logger-project\node_modules\express\lib\router\layer.js:95:5)
      at trim_prefix (C:\Users\Umang Kansara\OneDrive\Documents\GV Work\logger-project\node_modules\express\lib\router\index.js:328:13)
      at C:\Users\Umang Kansara\OneDrive\Documents\GV Work\logger-project\node_modules\express\lib\router\index.js:286:9
      at param (C:\Users\Umang Kansara\OneDrive\Documents\GV Work\logger-project\node_modules\express\lib\router\index.js:365:14)
      at param (C:\Users\Umang Kansara\OneDrive\Documents\GV Work\logger-project\node_modules\express\lib\router\index.js:376:14)
      at Function.process_params (C:\Users\Umang Kansara\OneDrive\Documents\GV Work\logger-project\node_modules\express\lib\router\index.js:421:3)
      at next (C:\Users\Umang Kansara\OneDrive\Documents\GV Work\logger-project\node_modules\express\lib\router\index.js:280:10)
      at C:\Users\Umang Kansara\OneDrive\Documents\GV Work\logger-project\node_modules\express\lib\router\index.js:646:15
      at next (C:\Users\Umang Kansara\OneDrive\Documents\GV Work\logger-project\node_modules\express\lib\router\index.js:265:14),
  level: 'error',
  label: 'error occured',
  timestamp: '2023-02-28T10:52:25.249Z'
}
{
  message: TypeError: this.HttpBadRequest is not a function
      at invalidPathHandler (C:\Users\Umang Kansara\OneDrive\Documents\GV Work\logger-project\utils\errorHandler.js:16:16)
      at Layer.handle [as handle_request] (C:\Users\Umang Kansara\OneDrive\Documents\GV Work\logger-project\node_modules\express\lib\router\layer.js:95:5)
      at trim_prefix (C:\Users\Umang Kansara\OneDrive\Documents\GV Work\logger-project\node_modules\express\lib\router\index.js:328:13)
      at C:\Users\Umang Kansara\OneDrive\Documents\GV Work\logger-project\node_modules\express\lib\router\index.js:286:9
      at param (C:\Users\Umang Kansara\OneDrive\Documents\GV Work\logger-project\node_modules\express\lib\router\index.js:365:14)
      at param (C:\Users\Umang Kansara\OneDrive\Documents\GV Work\logger-project\node_modules\express\lib\router\index.js:376:14)
      at Function.process_params (C:\Users\Umang Kansara\OneDrive\Documents\GV Work\logger-project\node_modules\express\lib\router\index.js:421:3)
      at next (C:\Users\Umang Kansara\OneDrive\Documents\GV Work\logger-project\node_modules\express\lib\router\index.js:280:10)
      at C:\Users\Umang Kansara\OneDrive\Documents\GV Work\logger-project\node_modules\express\lib\router\index.js:646:15
      at next (C:\Users\Umang Kansara\OneDrive\Documents\GV Work\logger-project\node_modules\express\lib\router\index.js:265:14),
  level: 'error',
  label: 'error occured',
  timestamp: '2023-02-28T10:52:34.428Z'
}
{
  message: CastError: Cast to ObjectId failed for value "{ id: '63fee5da37e31d945bf4ac0c' }" (type Object) at path "_id" for model "User"
      at model.Query.exec (C:\Users\Umang Kansara\OneDrive\Documents\GV Work\logger-project\node_modules\mongoose\lib\query.js:4927:21)
      at model.Query.Query.then (C:\Users\Umang Kansara\OneDrive\Documents\GV Work\logger-project\node_modules\mongoose\lib\query.js:5026:15)
      at processTicksAndRejections (node:internal/process/task_queues:96:5) {
    messageFormat: undefined,
    stringValue: `"{ id: '63fee5da37e31d945bf4ac0c' }"`,
    kind: 'ObjectId',
    value: { id: '63fee5da37e31d945bf4ac0c' },
    path: '_id',
    reason: BSONTypeError: Argument passed in must be a string of 12 bytes or a string of 24 hex characters or an integer
        at new BSONTypeError (C:\Users\Umang Kansara\OneDrive\Documents\GV Work\logger-project\node_modules\mongoose\node_modules\bson\lib\error.js:41:28)
        at new ObjectId (C:\Users\Umang Kansara\OneDrive\Documents\GV Work\logger-project\node_modules\mongoose\node_modules\bson\lib\objectid.js:67:23)
        at castObjectId (C:\Users\Umang Kansara\OneDrive\Documents\GV Work\logger-project\node_modules\mongoose\lib\cast\objectid.js:25:12)
        at ObjectId.cast (C:\Users\Umang Kansara\OneDrive\Documents\GV Work\logger-project\node_modules\mongoose\lib\schema\objectid.js:246:12)
        at ObjectId.SchemaType.applySetters (C:\Users\Umang Kansara\OneDrive\Documents\GV Work\logger-project\node_modules\mongoose\lib\schematype.js:1201:12)
        at ObjectId.SchemaType._castForQuery (C:\Users\Umang Kansara\OneDrive\Documents\GV Work\logger-project\node_modules\mongoose\lib\schematype.js:1648:15)
        at ObjectId.SchemaType.castForQuery (C:\Users\Umang Kansara\OneDrive\Documents\GV Work\logger-project\node_modules\mongoose\lib\schematype.js:1636:15)
        at ObjectId.SchemaType.castForQueryWrapper (C:\Users\Umang Kansara\OneDrive\Documents\GV Work\logger-project\node_modules\mongoose\lib\schematype.js:1612:20)
        at cast (C:\Users\Umang Kansara\OneDrive\Documents\GV Work\logger-project\node_modules\mongoose\lib\cast.js:293:34)
        at model.Query.Query.cast (C:\Users\Umang Kansara\OneDrive\Documents\GV Work\logger-project\node_modules\mongoose\lib\query.js:5357:12),
    valueType: 'Object'
  },
  level: 'error',
  label: 'error occured',
  timestamp: '2023-03-01T05:49:39.857Z'
}
{
  message: CastError: Cast to ObjectId failed for value "{ email: 'rakshit@gmail.com' }" (type Object) at path "_id" for model "User"
      at model.Query.exec (C:\Users\Umang Kansara\OneDrive\Documents\GV Work\logger-project\node_modules\mongoose\lib\query.js:4927:21)
      at model.Query.Query.then (C:\Users\Umang Kansara\OneDrive\Documents\GV Work\logger-project\node_modules\mongoose\lib\query.js:5026:15)
      at processTicksAndRejections (node:internal/process/task_queues:96:5) {
    messageFormat: undefined,
    stringValue: `"{ email: 'rakshit@gmail.com' }"`,
    kind: 'ObjectId',
    value: { email: 'rakshit@gmail.com' },
    path: '_id',
    reason: BSONTypeError: Argument passed in must be a string of 12 bytes or a string of 24 hex characters or an integer
        at new BSONTypeError (C:\Users\Umang Kansara\OneDrive\Documents\GV Work\logger-project\node_modules\mongoose\node_modules\bson\lib\error.js:41:28)
        at new ObjectId (C:\Users\Umang Kansara\OneDrive\Documents\GV Work\logger-project\node_modules\mongoose\node_modules\bson\lib\objectid.js:67:23)
        at castObjectId (C:\Users\Umang Kansara\OneDrive\Documents\GV Work\logger-project\node_modules\mongoose\lib\cast\objectid.js:25:12)
        at ObjectId.cast (C:\Users\Umang Kansara\OneDrive\Documents\GV Work\logger-project\node_modules\mongoose\lib\schema\objectid.js:246:12)
        at ObjectId.SchemaType.applySetters (C:\Users\Umang Kansara\OneDrive\Documents\GV Work\logger-project\node_modules\mongoose\lib\schematype.js:1201:12)
        at ObjectId.SchemaType._castForQuery (C:\Users\Umang Kansara\OneDrive\Documents\GV Work\logger-project\node_modules\mongoose\lib\schematype.js:1648:15)
        at ObjectId.SchemaType.castForQuery (C:\Users\Umang Kansara\OneDrive\Documents\GV Work\logger-project\node_modules\mongoose\lib\schematype.js:1636:15)
        at ObjectId.SchemaType.castForQueryWrapper (C:\Users\Umang Kansara\OneDrive\Documents\GV Work\logger-project\node_modules\mongoose\lib\schematype.js:1612:20)
        at cast (C:\Users\Umang Kansara\OneDrive\Documents\GV Work\logger-project\node_modules\mongoose\lib\cast.js:293:34)
        at model.Query.Query.cast (C:\Users\Umang Kansara\OneDrive\Documents\GV Work\logger-project\node_modules\mongoose\lib\query.js:5357:12),
    valueType: 'Object'
  },
  level: 'error',
  label: 'error occured',
  timestamp: '2023-03-01T05:52:40.775Z'
}
{
  message: TypeError: Project.delete is not a function
      at deleteProjectService (C:\Users\Umang Kansara\OneDrive\Documents\GV Work\logger-project\services\projectService.js:44:40)
      at processTicksAndRejections (node:internal/process/task_queues:96:5)
      at async deleteProject (C:\Users\Umang Kansara\OneDrive\Documents\GV Work\logger-project\controllers\projectController.js:44:21),
  level: 'error',
  label: 'error occured',
  timestamp: '2023-03-01T06:35:04.058Z'
}
{
  message: CastError: Cast to ObjectId failed for value "{ payload: { _id: '63fef1e64203c02319a83b2f' } }" (type Object) at path "_id" for model "Project"
      at model.Query.exec (C:\Users\Umang Kansara\OneDrive\Documents\GV Work\logger-project\node_modules\mongoose\lib\query.js:4927:21)
      at model.Query.Query.then (C:\Users\Umang Kansara\OneDrive\Documents\GV Work\logger-project\node_modules\mongoose\lib\query.js:5026:15)
      at processTicksAndRejections (node:internal/process/task_queues:96:5) {
    messageFormat: undefined,
    stringValue: `"{ payload: { _id: '63fef1e64203c02319a83b2f' } }"`,
    kind: 'ObjectId',
    value: { payload: { _id: '63fef1e64203c02319a83b2f' } },
    path: '_id',
    reason: BSONTypeError: Argument passed in must be a string of 12 bytes or a string of 24 hex characters or an integer
        at new BSONTypeError (C:\Users\Umang Kansara\OneDrive\Documents\GV Work\logger-project\node_modules\mongoose\node_modules\bson\lib\error.js:41:28)
        at new ObjectId (C:\Users\Umang Kansara\OneDrive\Documents\GV Work\logger-project\node_modules\mongoose\node_modules\bson\lib\objectid.js:67:23)
        at castObjectId (C:\Users\Umang Kansara\OneDrive\Documents\GV Work\logger-project\node_modules\mongoose\lib\cast\objectid.js:25:12)
        at ObjectId.cast (C:\Users\Umang Kansara\OneDrive\Documents\GV Work\logger-project\node_modules\mongoose\lib\schema\objectid.js:246:12)
        at ObjectId.SchemaType.applySetters (C:\Users\Umang Kansara\OneDrive\Documents\GV Work\logger-project\node_modules\mongoose\lib\schematype.js:1201:12)
        at ObjectId.SchemaType._castForQuery (C:\Users\Umang Kansara\OneDrive\Documents\GV Work\logger-project\node_modules\mongoose\lib\schematype.js:1648:15)
        at ObjectId.SchemaType.castForQuery (C:\Users\Umang Kansara\OneDrive\Documents\GV Work\logger-project\node_modules\mongoose\lib\schematype.js:1636:15)
        at ObjectId.SchemaType.castForQueryWrapper (C:\Users\Umang Kansara\OneDrive\Documents\GV Work\logger-project\node_modules\mongoose\lib\schematype.js:1612:20)
        at cast (C:\Users\Umang Kansara\OneDrive\Documents\GV Work\logger-project\node_modules\mongoose\lib\cast.js:293:34)
        at model.Query.Query.cast (C:\Users\Umang Kansara\OneDrive\Documents\GV Work\logger-project\node_modules\mongoose\lib\query.js:5357:12),
    valueType: 'Object'
  },
  level: 'error',
  label: 'error occured',
  timestamp: '2023-03-01T06:35:25.578Z'
}
{
  message: CastError: Cast to ObjectId failed for value "{ payload: { _id: '63fef1e64203c02319a83b2f' } }" (type Object) at path "_id" for model "Project"
      at model.Query.exec (C:\Users\Umang Kansara\OneDrive\Documents\GV Work\logger-project\node_modules\mongoose\lib\query.js:4927:21)
      at model.Query.Query.then (C:\Users\Umang Kansara\OneDrive\Documents\GV Work\logger-project\node_modules\mongoose\lib\query.js:5026:15)
      at processTicksAndRejections (node:internal/process/task_queues:96:5) {
    messageFormat: undefined,
    stringValue: `"{ payload: { _id: '63fef1e64203c02319a83b2f' } }"`,
    kind: 'ObjectId',
    value: { payload: { _id: '63fef1e64203c02319a83b2f' } },
    path: '_id',
    reason: BSONTypeError: Argument passed in must be a string of 12 bytes or a string of 24 hex characters or an integer
        at new BSONTypeError (C:\Users\Umang Kansara\OneDrive\Documents\GV Work\logger-project\node_modules\mongoose\node_modules\bson\lib\error.js:41:28)
        at new ObjectId (C:\Users\Umang Kansara\OneDrive\Documents\GV Work\logger-project\node_modules\mongoose\node_modules\bson\lib\objectid.js:67:23)
        at castObjectId (C:\Users\Umang Kansara\OneDrive\Documents\GV Work\logger-project\node_modules\mongoose\lib\cast\objectid.js:25:12)
        at ObjectId.cast (C:\Users\Umang Kansara\OneDrive\Documents\GV Work\logger-project\node_modules\mongoose\lib\schema\objectid.js:246:12)
        at ObjectId.SchemaType.applySetters (C:\Users\Umang Kansara\OneDrive\Documents\GV Work\logger-project\node_modules\mongoose\lib\schematype.js:1201:12)
        at ObjectId.SchemaType._castForQuery (C:\Users\Umang Kansara\OneDrive\Documents\GV Work\logger-project\node_modules\mongoose\lib\schematype.js:1648:15)
        at ObjectId.SchemaType.castForQuery (C:\Users\Umang Kansara\OneDrive\Documents\GV Work\logger-project\node_modules\mongoose\lib\schematype.js:1636:15)
        at ObjectId.SchemaType.castForQueryWrapper (C:\Users\Umang Kansara\OneDrive\Documents\GV Work\logger-project\node_modules\mongoose\lib\schematype.js:1612:20)
        at cast (C:\Users\Umang Kansara\OneDrive\Documents\GV Work\logger-project\node_modules\mongoose\lib\cast.js:293:34)
        at model.Query.Query.cast (C:\Users\Umang Kansara\OneDrive\Documents\GV Work\logger-project\node_modules\mongoose\lib\query.js:5357:12),
    valueType: 'Object'
  },
  level: 'error',
  label: 'error occured',
  timestamp: '2023-03-01T06:35:50.554Z'
}
{
  message: Error: data and hash arguments required
      at Object.compareSync (C:\Users\Umang Kansara\OneDrive\Documents\GV Work\logger-project\node_modules\bcrypt\bcrypt.js:166:15)
      at userLoginService (C:\Users\Umang Kansara\OneDrive\Documents\GV Work\logger-project\services\userService.js:49:42)
      at processTicksAndRejections (node:internal/process/task_queues:96:5)
      at async login (C:\Users\Umang Kansara\OneDrive\Documents\GV Work\logger-project\controllers\userController.js:24:18),
  level: 'error',
  label: 'error occured',
  timestamp: '2023-03-02T04:49:29.157Z'
}
{
  message: TypeError: findAllProjects(...).limit is not a function
      at FindAllProjectService (C:\Users\Umang Kansara\OneDrive\Documents\GV Work\logger-project\services\projectService.js:68:6)
      at processTicksAndRejections (node:internal/process/task_queues:96:5)
      at async getAllProjectByUserId (C:\Users\Umang Kansara\OneDrive\Documents\GV Work\logger-project\controllers\projectController.js:53:21),
  level: 'error',
  label: 'error occured',
  timestamp: '2023-03-02T04:56:41.819Z'
}
{
  message: ReferenceError: payload is not defined
      at exports.findAllProjects (C:\Users\Umang Kansara\OneDrive\Documents\GV Work\logger-project\queries\projectQuery.js:29:37)
      at FindAllProjectService (C:\Users\Umang Kansara\OneDrive\Documents\GV Work\logger-project\services\projectService.js:67:25)
      at processTicksAndRejections (node:internal/process/task_queues:96:5)
      at async getAllProjectByUserId (C:\Users\Umang Kansara\OneDrive\Documents\GV Work\logger-project\controllers\projectController.js:53:21),
  level: 'error',
  label: 'error occured',
  timestamp: '2023-03-02T04:56:41.825Z'
}
{
  message: TypeError: deleteLog is not a function
      at deleteProjectService (C:\Users\Umang Kansara\OneDrive\Documents\GV Work\logger-project\services\projectService.js:44:29)
      at processTicksAndRejections (node:internal/process/task_queues:96:5)
      at async deleteProject (C:\Users\Umang Kansara\OneDrive\Documents\GV Work\logger-project\controllers\projectController.js:44:21),
  level: 'error',
  label: 'error occured',
  timestamp: '2023-03-02T05:13:14.892Z'
}
{
  message: ReferenceError: payload is not defined
      at exports.findAllLogs (C:\Users\Umang Kansara\OneDrive\Documents\GV Work\logger-project\queries\logErrorQuery.js:24:41)
      at findAllErrorService (C:\Users\Umang Kansara\OneDrive\Documents\GV Work\logger-project\services\errorService.js:28:26)
      at processTicksAndRejections (node:internal/process/task_queues:96:5)
      at async findAllError (C:\Users\Umang Kansara\OneDrive\Documents\GV Work\logger-project\controllers\errorHandlerController.js:14:22),
  level: 'error',
  label: 'error occured',
  timestamp: '2023-03-02T05:28:54.105Z'
}
{
  message: TypeError: findAllLogs(...).limit is not a function
      at findAllErrorService (C:\Users\Umang Kansara\OneDrive\Documents\GV Work\logger-project\services\errorService.js:29:6)
      at processTicksAndRejections (node:internal/process/task_queues:96:5)
      at async findAllError (C:\Users\Umang Kansara\OneDrive\Documents\GV Work\logger-project\controllers\errorHandlerController.js:14:22),
  level: 'error',
  label: 'error occured',
  timestamp: '2023-03-02T05:28:54.110Z'
}
{
  message: TypeError: findTags(...).limit is not a function
      at findTestTagService (C:\Users\Umang Kansara\OneDrive\Documents\GV Work\logger-project\services\tagService.js:29:6)
      at processTicksAndRejections (node:internal/process/task_queues:96:5)
      at async findAllTag (C:\Users\Umang Kansara\OneDrive\Documents\GV Work\logger-project\controllers\tagController.js:14:25),
  level: 'error',
  label: 'error occured',
  timestamp: '2023-03-02T05:31:39.653Z'
}
{
  message: ReferenceError: findAllProjects is not defined
      at FindAllProjectService (C:\Users\Umang Kansara\OneDrive\Documents\GV Work\logger-project\services\projectService.js:68:19)
      at processTicksAndRejections (node:internal/process/task_queues:96:5)
      at async getAllProjectByUserId (C:\Users\Umang Kansara\OneDrive\Documents\GV Work\logger-project\controllers\projectController.js:53:21),
  level: 'error',
  label: 'error occured',
  timestamp: '2023-03-02T06:51:42.908Z'
}
{
  message: ReferenceError: findTags is not defined
      at findTestTagService (C:\Users\Umang Kansara\OneDrive\Documents\GV Work\logger-project\services\tagService.js:28:20)
      at processTicksAndRejections (node:internal/process/task_queues:96:5)
      at async findAllTag (C:\Users\Umang Kansara\OneDrive\Documents\GV Work\logger-project\controllers\tagController.js:14:25),
  level: 'error',
  label: 'error occured',
  timestamp: '2023-03-02T07:00:33.753Z'
}
{
  message: TypeError: Cannot read properties of undefined (reading 'id')
      at userLoginService (C:\Users\Umang Kansara\OneDrive\Documents\GV Work\logger-project\services\userService.js:61:62)
      at processTicksAndRejections (node:internal/process/task_queues:96:5)
      at async login (C:\Users\Umang Kansara\OneDrive\Documents\GV Work\logger-project\controllers\userController.js:24:22),
  level: 'error',
  label: 'error occured',
  timestamp: '2023-03-02T08:53:50.727Z'
}
{
  message: TypeError: getLogDelete is not a function
      at deleteProjectService (C:\Users\Umang Kansara\OneDrive\Documents\GV Work\logger-project\services\projectService.js:56:29)
      at runMicrotasks (<anonymous>)
      at processTicksAndRejections (node:internal/process/task_queues:96:5)
      at async deleteProject (C:\Users\Umang Kansara\OneDrive\Documents\GV Work\logger-project\controllers\projectController.js:44:22),
  level: 'error',
  label: 'error occured',
  timestamp: '2023-03-03T04:30:40.126Z'
}
{
  message: ReferenceError: next is not defined
      at setContext (C:\Users\Umang Kansara\OneDrive\Documents\GV Work\logger-project\middleware\httpContext.js:4:4)
      at Layer.handle [as handle_request] (C:\Users\Umang Kansara\OneDrive\Documents\GV Work\logger-project\node_modules\express\lib\router\layer.js:95:5)
      at trim_prefix (C:\Users\Umang Kansara\OneDrive\Documents\GV Work\logger-project\node_modules\express\lib\router\index.js:328:13)
      at C:\Users\Umang Kansara\OneDrive\Documents\GV Work\logger-project\node_modules\express\lib\router\index.js:286:9
      at Function.process_params (C:\Users\Umang Kansara\OneDrive\Documents\GV Work\logger-project\node_modules\express\lib\router\index.js:346:12)
      at next (C:\Users\Umang Kansara\OneDrive\Documents\GV Work\logger-project\node_modules\express\lib\router\index.js:280:10)
      at C:\Users\Umang Kansara\OneDrive\Documents\GV Work\logger-project\node_modules\body-parser\lib\read.js:137:5
      at AsyncResource.runInAsyncScope (node:async_hooks:202:9)
      at invokeCallback (C:\Users\Umang Kansara\OneDrive\Documents\GV Work\logger-project\node_modules\raw-body\index.js:231:16)
      at done (C:\Users\Umang Kansara\OneDrive\Documents\GV Work\logger-project\node_modules\raw-body\index.js:220:7),
  level: 'error',
  label: 'error occured',
  timestamp: '2023-03-06T05:06:49.819Z'
}
{
  message: ReferenceError: next is not defined
      at setContext (C:\Users\Umang Kansara\OneDrive\Documents\GV Work\logger-project\middleware\httpContext.js:4:5)
      at Layer.handle [as handle_request] (C:\Users\Umang Kansara\OneDrive\Documents\GV Work\logger-project\node_modules\express\lib\router\layer.js:95:5)
      at trim_prefix (C:\Users\Umang Kansara\OneDrive\Documents\GV Work\logger-project\node_modules\express\lib\router\index.js:328:13)
      at C:\Users\Umang Kansara\OneDrive\Documents\GV Work\logger-project\node_modules\express\lib\router\index.js:286:9
      at Function.process_params (C:\Users\Umang Kansara\OneDrive\Documents\GV Work\logger-project\node_modules\express\lib\router\index.js:346:12)
      at next (C:\Users\Umang Kansara\OneDrive\Documents\GV Work\logger-project\node_modules\express\lib\router\index.js:280:10)
      at C:\Users\Umang Kansara\OneDrive\Documents\GV Work\logger-project\node_modules\body-parser\lib\read.js:137:5
      at AsyncResource.runInAsyncScope (node:async_hooks:202:9)
      at invokeCallback (C:\Users\Umang Kansara\OneDrive\Documents\GV Work\logger-project\node_modules\raw-body\index.js:231:16)
      at done (C:\Users\Umang Kansara\OneDrive\Documents\GV Work\logger-project\node_modules\raw-body\index.js:220:7),
  level: 'error',
  label: 'error occured',
  timestamp: '2023-03-06T05:07:32.768Z'
}
{
  message: ReferenceError: ObjectId is not defined
      at setContext (C:\Users\Umang Kansara\OneDrive\Documents\GV Work\logger-project\middleware\httpContext.js:7:18)
      at Layer.handle [as handle_request] (C:\Users\Umang Kansara\OneDrive\Documents\GV Work\logger-project\node_modules\express\lib\router\layer.js:95:5)
      at trim_prefix (C:\Users\Umang Kansara\OneDrive\Documents\GV Work\logger-project\node_modules\express\lib\router\index.js:328:13)
      at C:\Users\Umang Kansara\OneDrive\Documents\GV Work\logger-project\node_modules\express\lib\router\index.js:286:9
      at Function.process_params (C:\Users\Umang Kansara\OneDrive\Documents\GV Work\logger-project\node_modules\express\lib\router\index.js:346:12)
      at next (C:\Users\Umang Kansara\OneDrive\Documents\GV Work\logger-project\node_modules\express\lib\router\index.js:280:10)
      at C:\Users\Umang Kansara\OneDrive\Documents\GV Work\logger-project\node_modules\body-parser\lib\read.js:137:5
      at AsyncResource.runInAsyncScope (node:async_hooks:202:9)
      at invokeCallback (C:\Users\Umang Kansara\OneDrive\Documents\GV Work\logger-project\node_modules\raw-body\index.js:231:16)
      at done (C:\Users\Umang Kansara\OneDrive\Documents\GV Work\logger-project\node_modules\raw-body\index.js:220:7),
  level: 'error',
  label: 'error occured',
  timestamp: '2023-03-06T05:12:06.840Z'
}
{
  message: ReferenceError: httpContext is not defined
      at addUser (C:\Users\Umang Kansara\OneDrive\Documents\GV Work\logger-project\controllers\userController.js:8:25)
      at Layer.handle [as handle_request] (C:\Users\Umang Kansara\OneDrive\Documents\GV Work\logger-project\node_modules\express\lib\router\layer.js:95:5)
      at next (C:\Users\Umang Kansara\OneDrive\Documents\GV Work\logger-project\node_modules\express\lib\router\route.js:144:13)
      at C:\Users\Umang Kansara\OneDrive\Documents\GV Work\logger-project\middleware\validators\index.js:9:5
      at Layer.handle [as handle_request] (C:\Users\Umang Kansara\OneDrive\Documents\GV Work\logger-project\node_modules\express\lib\router\layer.js:95:5)
      at next (C:\Users\Umang Kansara\OneDrive\Documents\GV Work\logger-project\node_modules\express\lib\router\route.js:144:13)
      at Route.dispatch (C:\Users\Umang Kansara\OneDrive\Documents\GV Work\logger-project\node_modules\express\lib\router\route.js:114:3)
      at Layer.handle [as handle_request] (C:\Users\Umang Kansara\OneDrive\Documents\GV Work\logger-project\node_modules\express\lib\router\layer.js:95:5)
      at C:\Users\Umang Kansara\OneDrive\Documents\GV Work\logger-project\node_modules\express\lib\router\index.js:284:15
      at Function.process_params (C:\Users\Umang Kansara\OneDrive\Documents\GV Work\logger-project\node_modules\express\lib\router\index.js:346:12),
  level: 'error',
  label: 'error occured',
  timestamp: '2023-03-06T05:12:36.300Z'
}
{
  message: TypeError: Cannot read properties of undefined (reading 'email')
      at addUserService (C:\Users\Umang Kansara\OneDrive\Documents\GV Work\logger-project\services\userService.js:38:56)
      at addUser (C:\Users\Umang Kansara\OneDrive\Documents\GV Work\logger-project\controllers\userController.js:8:28)
      at processTicksAndRejections (node:internal/process/task_queues:96:5),
  level: 'error',
  label: 'error occured',
  timestamp: '2023-03-06T05:18:25.284Z'
}
{
  message: TypeError: Cannot read properties of undefined (reading 'email')
      at addUserService (C:\Users\Umang Kansara\OneDrive\Documents\GV Work\logger-project\services\userService.js:38:56)
      at addUser (C:\Users\Umang Kansara\OneDrive\Documents\GV Work\logger-project\controllers\userController.js:8:28)
      at processTicksAndRejections (node:internal/process/task_queues:96:5),
  level: 'error',
  label: 'error occured',
  timestamp: '2023-03-06T05:18:55.690Z'
}
{
  message: TypeError: Cannot read properties of undefined (reading 'email')
      at addUserService (C:\Users\Umang Kansara\OneDrive\Documents\GV Work\logger-project\services\userService.js:38:56)
      at addUser (C:\Users\Umang Kansara\OneDrive\Documents\GV Work\logger-project\controllers\userController.js:8:28)
      at processTicksAndRejections (node:internal/process/task_queues:96:5),
  level: 'error',
  label: 'error occured',
  timestamp: '2023-03-06T05:19:20.815Z'
}
{
  message: TypeError: Cannot read properties of undefined (reading 'email')
      at addUserService (C:\Users\Umang Kansara\OneDrive\Documents\GV Work\logger-project\services\userService.js:38:56)
      at addUser (C:\Users\Umang Kansara\OneDrive\Documents\GV Work\logger-project\controllers\userController.js:14:28)
      at processTicksAndRejections (node:internal/process/task_queues:96:5),
  level: 'error',
  label: 'error occured',
  timestamp: '2023-03-06T09:01:52.330Z'
}
{
  message: TypeError: Cannot read properties of undefined (reading 'email')
      at addUserService (C:\Users\Umang Kansara\OneDrive\Documents\GV Work\logger-project\services\userService.js:38:56)
      at addUser (C:\Users\Umang Kansara\OneDrive\Documents\GV Work\logger-project\controllers\userController.js:14:28)
      at processTicksAndRejections (node:internal/process/task_queues:96:5),
  level: 'error',
  label: 'error occured',
  timestamp: '2023-03-06T09:03:11.377Z'
}
{
  message: TypeError: Cannot read properties of undefined (reading 'email')
      at addUserService (C:\Users\Umang Kansara\OneDrive\Documents\GV Work\logger-project\services\userService.js:38:56)
      at addUser (C:\Users\Umang Kansara\OneDrive\Documents\GV Work\logger-project\controllers\userController.js:14:28)
      at processTicksAndRejections (node:internal/process/task_queues:96:5),
  level: 'error',
  label: 'error occured',
  timestamp: '2023-03-06T09:04:01.002Z'
}
{
  message: TypeError: Cannot read properties of undefined (reading 'email')
      at addUserService (C:\Users\Umang Kansara\OneDrive\Documents\GV Work\logger-project\services\userService.js:38:56)
      at addUser (C:\Users\Umang Kansara\OneDrive\Documents\GV Work\logger-project\controllers\userController.js:14:28)
      at processTicksAndRejections (node:internal/process/task_queues:96:5),
  level: 'error',
  label: 'error occured',
  timestamp: '2023-03-06T09:04:25.683Z'
}
{
  message: TypeError: Cannot read properties of undefined (reading 'email')
      at addUserService (C:\Users\Umang Kansara\OneDrive\Documents\GV Work\logger-project\services\userService.js:38:56)
      at addUser (C:\Users\Umang Kansara\OneDrive\Documents\GV Work\logger-project\controllers\userController.js:14:28)
      at processTicksAndRejections (node:internal/process/task_queues:96:5),
  level: 'error',
  label: 'error occured',
  timestamp: '2023-03-06T09:04:50.151Z'
}
{
  message: TypeError: Cannot read properties of undefined (reading 'email')
      at addUserService (C:\Users\Umang Kansara\OneDrive\Documents\GV Work\logger-project\services\userService.js:38:56)
      at addUser (C:\Users\Umang Kansara\OneDrive\Documents\GV Work\logger-project\controllers\userController.js:14:28)
      at processTicksAndRejections (node:internal/process/task_queues:96:5),
  level: 'error',
  label: 'error occured',
  timestamp: '2023-03-06T09:05:02.510Z'
}
{
  message: TypeError: Cannot read properties of undefined (reading 'email')
      at addUserService (C:\Users\Umang Kansara\OneDrive\Documents\GV Work\logger-project\services\userService.js:38:56)
      at addUser (C:\Users\Umang Kansara\OneDrive\Documents\GV Work\logger-project\controllers\userController.js:9:28)
      at processTicksAndRejections (node:internal/process/task_queues:96:5),
  level: 'error',
  label: 'error occured',
  timestamp: '2023-03-06T09:16:03.653Z'
}
{
  message: CastError: Cast to ObjectId failed for value "{ _id: { _id: '6405d3ba06b1e2226125ee6d' } }" (type Object) at path "_id" for model "User"
      at model.Query.exec (C:\Users\Umang Kansara\OneDrive\Documents\GV Work\logger-project\node_modules\mongoose\lib\query.js:4927:21)
      at model.Query.Query.then (C:\Users\Umang Kansara\OneDrive\Documents\GV Work\logger-project\node_modules\mongoose\lib\query.js:5026:15)
      at processTicksAndRejections (node:internal/process/task_queues:96:5) {
    messageFormat: undefined,
    stringValue: `"{ _id: { _id: '6405d3ba06b1e2226125ee6d' } }"`,
    kind: 'ObjectId',
    value: { _id: { _id: '6405d3ba06b1e2226125ee6d' } },
    path: '_id',
    reason: BSONTypeError: Argument passed in must be a string of 12 bytes or a string of 24 hex characters or an integer
        at new BSONTypeError (C:\Users\Umang Kansara\OneDrive\Documents\GV Work\logger-project\node_modules\bson\lib\error.js:41:28)
        at new ObjectId (C:\Users\Umang Kansara\OneDrive\Documents\GV Work\logger-project\node_modules\bson\lib\objectid.js:67:23)
        at castObjectId (C:\Users\Umang Kansara\OneDrive\Documents\GV Work\logger-project\node_modules\mongoose\lib\cast\objectid.js:20:14)
        at ObjectId.cast (C:\Users\Umang Kansara\OneDrive\Documents\GV Work\logger-project\node_modules\mongoose\lib\schema\objectid.js:246:12)
        at ObjectId.SchemaType.applySetters (C:\Users\Umang Kansara\OneDrive\Documents\GV Work\logger-project\node_modules\mongoose\lib\schematype.js:1201:12)
        at ObjectId.SchemaType._castForQuery (C:\Users\Umang Kansara\OneDrive\Documents\GV Work\logger-project\node_modules\mongoose\lib\schematype.js:1648:15)
        at ObjectId.SchemaType.castForQuery (C:\Users\Umang Kansara\OneDrive\Documents\GV Work\logger-project\node_modules\mongoose\lib\schematype.js:1636:15)
        at ObjectId.SchemaType.castForQueryWrapper (C:\Users\Umang Kansara\OneDrive\Documents\GV Work\logger-project\node_modules\mongoose\lib\schematype.js:1612:20)
        at cast (C:\Users\Umang Kansara\OneDrive\Documents\GV Work\logger-project\node_modules\mongoose\lib\cast.js:286:34)
        at model.Query.Query.cast (C:\Users\Umang Kansara\OneDrive\Documents\GV Work\logger-project\node_modules\mongoose\lib\query.js:5357:12),
    valueType: 'Object'
  },
  level: 'error',
  label: 'error occured',
  timestamp: '2023-03-07T04:23:56.009Z'
}
{
  message: CastError: Cast to ObjectId failed for value "{ _id: { _id: '6405d3ba06b1e2226125ee6d' } }" (type Object) at path "_id" for model "User"
      at model.Query.exec (C:\Users\Umang Kansara\OneDrive\Documents\GV Work\logger-project\node_modules\mongoose\lib\query.js:4927:21)
      at model.Query.Query.then (C:\Users\Umang Kansara\OneDrive\Documents\GV Work\logger-project\node_modules\mongoose\lib\query.js:5026:15)
      at processTicksAndRejections (node:internal/process/task_queues:96:5) {
    messageFormat: undefined,
    stringValue: `"{ _id: { _id: '6405d3ba06b1e2226125ee6d' } }"`,
    kind: 'ObjectId',
    value: { _id: { _id: '6405d3ba06b1e2226125ee6d' } },
    path: '_id',
    reason: BSONTypeError: Argument passed in must be a string of 12 bytes or a string of 24 hex characters or an integer
        at new BSONTypeError (C:\Users\Umang Kansara\OneDrive\Documents\GV Work\logger-project\node_modules\bson\lib\error.js:41:28)
        at new ObjectId (C:\Users\Umang Kansara\OneDrive\Documents\GV Work\logger-project\node_modules\bson\lib\objectid.js:67:23)
        at castObjectId (C:\Users\Umang Kansara\OneDrive\Documents\GV Work\logger-project\node_modules\mongoose\lib\cast\objectid.js:20:14)
        at ObjectId.cast (C:\Users\Umang Kansara\OneDrive\Documents\GV Work\logger-project\node_modules\mongoose\lib\schema\objectid.js:246:12)
        at ObjectId.SchemaType.applySetters (C:\Users\Umang Kansara\OneDrive\Documents\GV Work\logger-project\node_modules\mongoose\lib\schematype.js:1201:12)
        at ObjectId.SchemaType._castForQuery (C:\Users\Umang Kansara\OneDrive\Documents\GV Work\logger-project\node_modules\mongoose\lib\schematype.js:1648:15)
        at ObjectId.SchemaType.castForQuery (C:\Users\Umang Kansara\OneDrive\Documents\GV Work\logger-project\node_modules\mongoose\lib\schematype.js:1636:15)
        at ObjectId.SchemaType.castForQueryWrapper (C:\Users\Umang Kansara\OneDrive\Documents\GV Work\logger-project\node_modules\mongoose\lib\schematype.js:1612:20)
        at cast (C:\Users\Umang Kansara\OneDrive\Documents\GV Work\logger-project\node_modules\mongoose\lib\cast.js:286:34)
        at model.Query.Query.cast (C:\Users\Umang Kansara\OneDrive\Documents\GV Work\logger-project\node_modules\mongoose\lib\query.js:5357:12),
    valueType: 'Object'
  },
  level: 'error',
  label: 'error occured',
  timestamp: '2023-03-07T04:25:00.078Z'
}
{
  message: ReferenceError: HttpConflictRequest is not defined
      at addTextTagService (C:\Users\Umang Kansara\OneDrive\Documents\GV Work\logger-project\services\tagService.js:8:5)
      at processTicksAndRejections (node:internal/process/task_queues:96:5)
      at async addTag (C:\Users\Umang Kansara\OneDrive\Documents\GV Work\logger-project\controllers\tagController.js:4:20),
  level: 'error',
  label: 'error occured',
  timestamp: '2023-03-10T10:14:17.857Z'
}
{
  message: TypeError: Found non-callable @@iterator
      at FindAllProjectService (C:\Users\Umang Kansara\OneDrive\Documents\GV Work\logger-project\services\projectService.js:91:10)
      at processTicksAndRejections (node:internal/process/task_queues:96:5)
      at async getAllProjectByUserId (C:\Users\Umang Kansara\OneDrive\Documents\GV Work\logger-project\controllers\projectController.js:37:20),
  level: 'error',
  label: 'error occured',
  timestamp: '2023-03-15T09:29:15.938Z'
}
